::1 - - [19/Aug/2021:17:27:33 +0000] "GET / HTTP/1.1" 304 - "-" "Mozilla/5.0 (Macintosh; Intel Mac OS X 10_15_7) AppleWebKit/537.36 (KHTML, like Gecko) Chrome/92.0.4515.131 Safari/537.36"
::1 - - [19/Aug/2021:17:27:36 +0000] "GET /user HTTP/1.1" 404 419 "http://localhost:3000/" "Mozilla/5.0 (Macintosh; Intel Mac OS X 10_15_7) AppleWebKit/537.36 (KHTML, like Gecko) Chrome/92.0.4515.131 Safari/537.36"
::1 - - [19/Aug/2021:17:27:36 +0000] "GET / HTTP/1.1" 304 - "http://localhost:3000/user" "Mozilla/5.0 (Macintosh; Intel Mac OS X 10_15_7) AppleWebKit/537.36 (KHTML, like Gecko) Chrome/92.0.4515.131 Safari/537.36"
::1 - - [19/Aug/2021:17:28:51 +0000] "GET /user HTTP/1.1" 404 419 "http://localhost:3000/" "Mozilla/5.0 (Macintosh; Intel Mac OS X 10_15_7) AppleWebKit/537.36 (KHTML, like Gecko) Chrome/92.0.4515.131 Safari/537.36"
::1 - - [19/Aug/2021:17:28:52 +0000] "GET / HTTP/1.1" 304 - "http://localhost:3000/user" "Mozilla/5.0 (Macintosh; Intel Mac OS X 10_15_7) AppleWebKit/537.36 (KHTML, like Gecko) Chrome/92.0.4515.131 Safari/537.36"
::1 - - [19/Aug/2021:17:28:56 +0000] "GET /lomaz HTTP/1.1" 404 419 "-" "Mozilla/5.0 (Macintosh; Intel Mac OS X 10_15_7) AppleWebKit/537.36 (KHTML, like Gecko) Chrome/92.0.4515.131 Safari/537.36"
::1 - - [19/Aug/2021:17:30:00 +0000] "GET / HTTP/1.1" 304 - "http://localhost:3000/lomaz" "Mozilla/5.0 (Macintosh; Intel Mac OS X 10_15_7) AppleWebKit/537.36 (KHTML, like Gecko) Chrome/92.0.4515.131 Safari/537.36"
::1 - - [24/Aug/2021:18:27:42 +0000] "GET / HTTP/1.1" 200 421 "-" "Mozilla/5.0 (Macintosh; Intel Mac OS X 10_15_7) AppleWebKit/537.36 (KHTML, like Gecko) Chrome/92.0.4515.159 Safari/537.36"
::1 - - [24/Aug/2021:18:27:50 +0000] "GET /add-post HTTP/1.1" 404 419 "-" "Mozilla/5.0 (Macintosh; Intel Mac OS X 10_15_7) AppleWebKit/537.36 (KHTML, like Gecko) Chrome/92.0.4515.159 Safari/537.36"
::1 - - [24/Aug/2021:18:28:19 +0000] "GET /add-post HTTP/1.1" 500 2278 "-" "Mozilla/5.0 (Macintosh; Intel Mac OS X 10_15_7) AppleWebKit/537.36 (KHTML, like Gecko) Chrome/92.0.4515.159 Safari/537.36"
::1 - - [24/Aug/2021:18:28:55 +0000] "GET /add-post HTTP/1.1" 500 2238 "-" "Mozilla/5.0 (Macintosh; Intel Mac OS X 10_15_7) AppleWebKit/537.36 (KHTML, like Gecko) Chrome/92.0.4515.159 Safari/537.36"
::1 - - [24/Aug/2021:18:28:57 +0000] "GET /add-post HTTP/1.1" 500 2238 "-" "Mozilla/5.0 (Macintosh; Intel Mac OS X 10_15_7) AppleWebKit/537.36 (KHTML, like Gecko) Chrome/92.0.4515.159 Safari/537.36"
::1 - - [24/Aug/2021:18:28:58 +0000] "GET /add-post HTTP/1.1" 500 2238 "-" "Mozilla/5.0 (Macintosh; Intel Mac OS X 10_15_7) AppleWebKit/537.36 (KHTML, like Gecko) Chrome/92.0.4515.159 Safari/537.36"
::1 - - [24/Aug/2021:18:29:13 +0000] "GET /add-post HTTP/1.1" 200 411 "-" "Mozilla/5.0 (Macintosh; Intel Mac OS X 10_15_7) AppleWebKit/537.36 (KHTML, like Gecko) Chrome/92.0.4515.159 Safari/537.36"
::1 - - [24/Aug/2021:18:29:13 +0000] "GET /favicon.ico HTTP/1.1" 404 419 "http://localhost:3000/add-post" "Mozilla/5.0 (Macintosh; Intel Mac OS X 10_15_7) AppleWebKit/537.36 (KHTML, like Gecko) Chrome/92.0.4515.159 Safari/537.36"
::1 - - [24/Aug/2021:18:29:31 +0000] "GET /add-post HTTP/1.1" 200 464 "-" "Mozilla/5.0 (Macintosh; Intel Mac OS X 10_15_7) AppleWebKit/537.36 (KHTML, like Gecko) Chrome/92.0.4515.159 Safari/537.36"
::1 - - [24/Aug/2021:18:29:32 +0000] "GET /add-post HTTP/1.1" 304 - "http://localhost:3000/add-post" "Mozilla/5.0 (Macintosh; Intel Mac OS X 10_15_7) AppleWebKit/537.36 (KHTML, like Gecko) Chrome/92.0.4515.159 Safari/537.36"
::1 - - [24/Aug/2021:18:29:33 +0000] "GET /user HTTP/1.1" 404 472 "http://localhost:3000/add-post" "Mozilla/5.0 (Macintosh; Intel Mac OS X 10_15_7) AppleWebKit/537.36 (KHTML, like Gecko) Chrome/92.0.4515.159 Safari/537.36"
::1 - - [24/Aug/2021:18:29:34 +0000] "GET / HTTP/1.1" 200 473 "http://localhost:3000/user" "Mozilla/5.0 (Macintosh; Intel Mac OS X 10_15_7) AppleWebKit/537.36 (KHTML, like Gecko) Chrome/92.0.4515.159 Safari/537.36"
::1 - - [24/Aug/2021:18:29:48 +0000] "GET / HTTP/1.1" 304 - "http://localhost:3000/user" "Mozilla/5.0 (Macintosh; Intel Mac OS X 10_15_7) AppleWebKit/537.36 (KHTML, like Gecko) Chrome/92.0.4515.159 Safari/537.36"
::1 - - [24/Aug/2021:18:29:49 +0000] "GET /add-post HTTP/1.1" 304 - "http://localhost:3000/" "Mozilla/5.0 (Macintosh; Intel Mac OS X 10_15_7) AppleWebKit/537.36 (KHTML, like Gecko) Chrome/92.0.4515.159 Safari/537.36"
::1 - - [24/Aug/2021:18:29:49 +0000] "GET /user HTTP/1.1" 500 1424 "http://localhost:3000/add-post" "Mozilla/5.0 (Macintosh; Intel Mac OS X 10_15_7) AppleWebKit/537.36 (KHTML, like Gecko) Chrome/92.0.4515.159 Safari/537.36"
::1 - - [24/Aug/2021:18:30:01 +0000] "GET /user HTTP/1.1" 500 1424 "http://localhost:3000/add-post" "Mozilla/5.0 (Macintosh; Intel Mac OS X 10_15_7) AppleWebKit/537.36 (KHTML, like Gecko) Chrome/92.0.4515.159 Safari/537.36"
::1 - - [24/Aug/2021:18:30:02 +0000] "GET /user HTTP/1.1" 500 1424 "http://localhost:3000/add-post" "Mozilla/5.0 (Macintosh; Intel Mac OS X 10_15_7) AppleWebKit/537.36 (KHTML, like Gecko) Chrome/92.0.4515.159 Safari/537.36"
::1 - - [24/Aug/2021:18:30:52 +0000] "GET /user HTTP/1.1" 500 1424 "http://localhost:3000/add-post" "Mozilla/5.0 (Macintosh; Intel Mac OS X 10_15_7) AppleWebKit/537.36 (KHTML, like Gecko) Chrome/92.0.4515.159 Safari/537.36"
::1 - - [24/Aug/2021:18:30:53 +0000] "GET /user HTTP/1.1" 500 1424 "http://localhost:3000/add-post" "Mozilla/5.0 (Macintosh; Intel Mac OS X 10_15_7) AppleWebKit/537.36 (KHTML, like Gecko) Chrome/92.0.4515.159 Safari/537.36"
::1 - - [24/Aug/2021:18:30:56 +0000] "GET /user HTTP/1.1" 500 1424 "http://localhost:3000/add-post" "Mozilla/5.0 (Macintosh; Intel Mac OS X 10_15_7) AppleWebKit/537.36 (KHTML, like Gecko) Chrome/92.0.4515.159 Safari/537.36"
::1 - - [24/Aug/2021:18:30:58 +0000] "GET / HTTP/1.1" 200 465 "http://localhost:3000/add-post" "Mozilla/5.0 (Macintosh; Intel Mac OS X 10_15_7) AppleWebKit/537.36 (KHTML, like Gecko) Chrome/92.0.4515.159 Safari/537.36"
::1 - - [24/Aug/2021:18:30:59 +0000] "GET /add-post HTTP/1.1" 304 - "http://localhost:3000/" "Mozilla/5.0 (Macintosh; Intel Mac OS X 10_15_7) AppleWebKit/537.36 (KHTML, like Gecko) Chrome/92.0.4515.159 Safari/537.36"
::1 - - [24/Aug/2021:18:31:00 +0000] "GET /user HTTP/1.1" 500 1424 "http://localhost:3000/add-post" "Mozilla/5.0 (Macintosh; Intel Mac OS X 10_15_7) AppleWebKit/537.36 (KHTML, like Gecko) Chrome/92.0.4515.159 Safari/537.36"
::1 - - [24/Aug/2021:18:31:52 +0000] "GET /user HTTP/1.1" 404 472 "http://localhost:3000/add-post" "Mozilla/5.0 (Macintosh; Intel Mac OS X 10_15_7) AppleWebKit/537.36 (KHTML, like Gecko) Chrome/92.0.4515.159 Safari/537.36"
::1 - - [24/Aug/2021:18:31:54 +0000] "GET /user HTTP/1.1" 404 472 "http://localhost:3000/user" "Mozilla/5.0 (Macintosh; Intel Mac OS X 10_15_7) AppleWebKit/537.36 (KHTML, like Gecko) Chrome/92.0.4515.159 Safari/537.36"
::1 - - [24/Aug/2021:18:31:55 +0000] "GET /add-post HTTP/1.1" 304 - "http://localhost:3000/user" "Mozilla/5.0 (Macintosh; Intel Mac OS X 10_15_7) AppleWebKit/537.36 (KHTML, like Gecko) Chrome/92.0.4515.159 Safari/537.36"
::1 - - [24/Aug/2021:18:31:55 +0000] "GET /user HTTP/1.1" 404 472 "http://localhost:3000/add-post" "Mozilla/5.0 (Macintosh; Intel Mac OS X 10_15_7) AppleWebKit/537.36 (KHTML, like Gecko) Chrome/92.0.4515.159 Safari/537.36"
::1 - - [24/Aug/2021:18:32:14 +0000] "GET /user HTTP/1.1" 404 474 "http://localhost:3000/add-post" "Mozilla/5.0 (Macintosh; Intel Mac OS X 10_15_7) AppleWebKit/537.36 (KHTML, like Gecko) Chrome/92.0.4515.159 Safari/537.36"
::1 - - [24/Aug/2021:18:32:15 +0000] "GET /posts HTTP/1.1" 404 474 "http://localhost:3000/user" "Mozilla/5.0 (Macintosh; Intel Mac OS X 10_15_7) AppleWebKit/537.36 (KHTML, like Gecko) Chrome/92.0.4515.159 Safari/537.36"
::1 - - [24/Aug/2021:18:32:17 +0000] "GET /add-post HTTP/1.1" 200 466 "http://localhost:3000/posts" "Mozilla/5.0 (Macintosh; Intel Mac OS X 10_15_7) AppleWebKit/537.36 (KHTML, like Gecko) Chrome/92.0.4515.159 Safari/537.36"
::1 - - [24/Aug/2021:18:32:18 +0000] "GET / HTTP/1.1" 200 467 "http://localhost:3000/add-post" "Mozilla/5.0 (Macintosh; Intel Mac OS X 10_15_7) AppleWebKit/537.36 (KHTML, like Gecko) Chrome/92.0.4515.159 Safari/537.36"
::1 - - [24/Aug/2021:18:32:18 +0000] "GET /posts HTTP/1.1" 404 474 "http://localhost:3000/" "Mozilla/5.0 (Macintosh; Intel Mac OS X 10_15_7) AppleWebKit/537.36 (KHTML, like Gecko) Chrome/92.0.4515.159 Safari/537.36"
::1 - - [24/Aug/2021:18:32:19 +0000] "GET /add-post HTTP/1.1" 304 - "http://localhost:3000/posts" "Mozilla/5.0 (Macintosh; Intel Mac OS X 10_15_7) AppleWebKit/537.36 (KHTML, like Gecko) Chrome/92.0.4515.159 Safari/537.36"
::1 - - [24/Aug/2021:18:32:20 +0000] "GET /posts HTTP/1.1" 404 474 "http://localhost:3000/add-post" "Mozilla/5.0 (Macintosh; Intel Mac OS X 10_15_7) AppleWebKit/537.36 (KHTML, like Gecko) Chrome/92.0.4515.159 Safari/537.36"
::1 - - [24/Aug/2021:18:32:52 +0000] "GET /posts/1 HTTP/1.1" 200 467 "-" "Mozilla/5.0 (Macintosh; Intel Mac OS X 10_15_7) AppleWebKit/537.36 (KHTML, like Gecko) Chrome/92.0.4515.159 Safari/537.36"
::1 - - [24/Aug/2021:18:33:22 +0000] "GET /posts/1 HTTP/1.1" 304 - "-" "Mozilla/5.0 (Macintosh; Intel Mac OS X 10_15_7) AppleWebKit/537.36 (KHTML, like Gecko) Chrome/92.0.4515.159 Safari/537.36"
::1 - - [24/Aug/2021:18:33:23 +0000] "GET /posts HTTP/1.1" 200 467 "http://localhost:3000/posts/1" "Mozilla/5.0 (Macintosh; Intel Mac OS X 10_15_7) AppleWebKit/537.36 (KHTML, like Gecko) Chrome/92.0.4515.159 Safari/537.36"
::1 - - [24/Aug/2021:18:33:24 +0000] "GET /add-post HTTP/1.1" 304 - "http://localhost:3000/posts" "Mozilla/5.0 (Macintosh; Intel Mac OS X 10_15_7) AppleWebKit/537.36 (KHTML, like Gecko) Chrome/92.0.4515.159 Safari/537.36"
::1 - - [24/Aug/2021:18:33:25 +0000] "GET /posts HTTP/1.1" 304 - "http://localhost:3000/add-post" "Mozilla/5.0 (Macintosh; Intel Mac OS X 10_15_7) AppleWebKit/537.36 (KHTML, like Gecko) Chrome/92.0.4515.159 Safari/537.36"
::1 - - [24/Aug/2021:18:33:26 +0000] "GET / HTTP/1.1" 304 - "http://localhost:3000/posts" "Mozilla/5.0 (Macintosh; Intel Mac OS X 10_15_7) AppleWebKit/537.36 (KHTML, like Gecko) Chrome/92.0.4515.159 Safari/537.36"
::1 - - [24/Aug/2021:18:33:27 +0000] "GET /posts HTTP/1.1" 304 - "http://localhost:3000/" "Mozilla/5.0 (Macintosh; Intel Mac OS X 10_15_7) AppleWebKit/537.36 (KHTML, like Gecko) Chrome/92.0.4515.159 Safari/537.36"
::1 - - [24/Aug/2021:18:33:30 +0000] "GET /posts/1 HTTP/1.1" 304 - "-" "Mozilla/5.0 (Macintosh; Intel Mac OS X 10_15_7) AppleWebKit/537.36 (KHTML, like Gecko) Chrome/92.0.4515.159 Safari/537.36"
::1 - - [24/Aug/2021:18:33:46 +0000] "GET /posts/1 HTTP/1.1" 304 - "-" "Mozilla/5.0 (Macintosh; Intel Mac OS X 10_15_7) AppleWebKit/537.36 (KHTML, like Gecko) Chrome/92.0.4515.159 Safari/537.36"
::1 - - [24/Aug/2021:18:33:47 +0000] "GET /posts/1 HTTP/1.1" 304 - "-" "Mozilla/5.0 (Macintosh; Intel Mac OS X 10_15_7) AppleWebKit/537.36 (KHTML, like Gecko) Chrome/92.0.4515.159 Safari/537.36"
::1 - - [24/Aug/2021:18:33:48 +0000] "GET /posts/1 HTTP/1.1" 304 - "-" "Mozilla/5.0 (Macintosh; Intel Mac OS X 10_15_7) AppleWebKit/537.36 (KHTML, like Gecko) Chrome/92.0.4515.159 Safari/537.36"
::1 - - [24/Aug/2021:18:33:56 +0000] "GET /posts/1 HTTP/1.1" 200 466 "-" "Mozilla/5.0 (Macintosh; Intel Mac OS X 10_15_7) AppleWebKit/537.36 (KHTML, like Gecko) Chrome/92.0.4515.159 Safari/537.36"
::1 - - [24/Aug/2021:18:33:57 +0000] "GET /posts HTTP/1.1" 304 - "http://localhost:3000/posts/1" "Mozilla/5.0 (Macintosh; Intel Mac OS X 10_15_7) AppleWebKit/537.36 (KHTML, like Gecko) Chrome/92.0.4515.159 Safari/537.36"
::1 - - [24/Aug/2021:18:33:58 +0000] "GET /add-post HTTP/1.1" 304 - "http://localhost:3000/posts" "Mozilla/5.0 (Macintosh; Intel Mac OS X 10_15_7) AppleWebKit/537.36 (KHTML, like Gecko) Chrome/92.0.4515.159 Safari/537.36"
::1 - - [24/Aug/2021:18:33:59 +0000] "GET /posts HTTP/1.1" 304 - "http://localhost:3000/add-post" "Mozilla/5.0 (Macintosh; Intel Mac OS X 10_15_7) AppleWebKit/537.36 (KHTML, like Gecko) Chrome/92.0.4515.159 Safari/537.36"
::1 - - [24/Aug/2021:18:33:59 +0000] "GET / HTTP/1.1" 304 - "http://localhost:3000/posts" "Mozilla/5.0 (Macintosh; Intel Mac OS X 10_15_7) AppleWebKit/537.36 (KHTML, like Gecko) Chrome/92.0.4515.159 Safari/537.36"
::1 - - [24/Aug/2021:18:34:00 +0000] "GET /posts HTTP/1.1" 304 - "http://localhost:3000/" "Mozilla/5.0 (Macintosh; Intel Mac OS X 10_15_7) AppleWebKit/537.36 (KHTML, like Gecko) Chrome/92.0.4515.159 Safari/537.36"
::1 - - [24/Aug/2021:18:34:01 +0000] "GET /add-post HTTP/1.1" 304 - "http://localhost:3000/posts" "Mozilla/5.0 (Macintosh; Intel Mac OS X 10_15_7) AppleWebKit/537.36 (KHTML, like Gecko) Chrome/92.0.4515.159 Safari/537.36"
::1 - - [24/Aug/2021:18:37:34 +0000] "GET /add-post HTTP/1.1" 304 - "http://localhost:3000/posts" "Mozilla/5.0 (Macintosh; Intel Mac OS X 10_15_7) AppleWebKit/537.36 (KHTML, like Gecko) Chrome/92.0.4515.159 Safari/537.36"
::1 - - [24/Aug/2021:18:37:36 +0000] "GET /posts HTTP/1.1" 304 - "http://localhost:3000/add-post" "Mozilla/5.0 (Macintosh; Intel Mac OS X 10_15_7) AppleWebKit/537.36 (KHTML, like Gecko) Chrome/92.0.4515.159 Safari/537.36"
::1 - - [24/Aug/2021:18:37:41 +0000] "GET /posts/1 HTTP/1.1" 200 500 "-" "Mozilla/5.0 (Macintosh; Intel Mac OS X 10_15_7) AppleWebKit/537.36 (KHTML, like Gecko) Chrome/92.0.4515.159 Safari/537.36"
::1 - - [24/Aug/2021:18:37:57 +0000] "GET /posts/1 HTTP/1.1" 500 1724 "-" "Mozilla/5.0 (Macintosh; Intel Mac OS X 10_15_7) AppleWebKit/537.36 (KHTML, like Gecko) Chrome/92.0.4515.159 Safari/537.36"
::1 - - [24/Aug/2021:18:38:45 +0000] "GET /posts/1 HTTP/1.1" 500 1724 "-" "Mozilla/5.0 (Macintosh; Intel Mac OS X 10_15_7) AppleWebKit/537.36 (KHTML, like Gecko) Chrome/92.0.4515.159 Safari/537.36"
::1 - - [24/Aug/2021:18:38:46 +0000] "GET /posts/1 HTTP/1.1" 500 1724 "-" "Mozilla/5.0 (Macintosh; Intel Mac OS X 10_15_7) AppleWebKit/537.36 (KHTML, like Gecko) Chrome/92.0.4515.159 Safari/537.36"
::1 - - [24/Aug/2021:18:40:02 +0000] "GET /posts/1 HTTP/1.1" 200 491 "-" "Mozilla/5.0 (Macintosh; Intel Mac OS X 10_15_7) AppleWebKit/537.36 (KHTML, like Gecko) Chrome/92.0.4515.159 Safari/537.36"
::1 - - [24/Aug/2021:18:40:20 +0000] "GET /posts/1 HTTP/1.1" 200 509 "-" "Mozilla/5.0 (Macintosh; Intel Mac OS X 10_15_7) AppleWebKit/537.36 (KHTML, like Gecko) Chrome/92.0.4515.159 Safari/537.36"
::1 - - [24/Aug/2021:18:43:40 +0000] "GET /posts/1 HTTP/1.1" 304 - "-" "Mozilla/5.0 (Macintosh; Intel Mac OS X 10_15_7) AppleWebKit/537.36 (KHTML, like Gecko) Chrome/92.0.4515.159 Safari/537.36"
::1 - - [24/Aug/2021:18:43:41 +0000] "GET /posts/1 HTTP/1.1" 304 - "-" "Mozilla/5.0 (Macintosh; Intel Mac OS X 10_15_7) AppleWebKit/537.36 (KHTML, like Gecko) Chrome/92.0.4515.159 Safari/537.36"
::1 - - [24/Aug/2021:18:43:41 +0000] "GET /posts HTTP/1.1" 500 1246 "http://localhost:3000/posts/1" "Mozilla/5.0 (Macintosh; Intel Mac OS X 10_15_7) AppleWebKit/537.36 (KHTML, like Gecko) Chrome/92.0.4515.159 Safari/537.36"
::1 - - [24/Aug/2021:18:43:59 +0000] "GET /posts HTTP/1.1" 500 1246 "http://localhost:3000/posts/1" "Mozilla/5.0 (Macintosh; Intel Mac OS X 10_15_7) AppleWebKit/537.36 (KHTML, like Gecko) Chrome/92.0.4515.159 Safari/537.36"
::1 - - [24/Aug/2021:18:44:00 +0000] "GET /posts HTTP/1.1" 500 1246 "http://localhost:3000/posts/1" "Mozilla/5.0 (Macintosh; Intel Mac OS X 10_15_7) AppleWebKit/537.36 (KHTML, like Gecko) Chrome/92.0.4515.159 Safari/537.36"
::1 - - [24/Aug/2021:18:44:42 +0000] "GET /posts HTTP/1.1" 500 1246 "http://localhost:3000/posts/1" "Mozilla/5.0 (Macintosh; Intel Mac OS X 10_15_7) AppleWebKit/537.36 (KHTML, like Gecko) Chrome/92.0.4515.159 Safari/537.36"
::1 - - [24/Aug/2021:18:46:01 +0000] "GET /posts HTTP/1.1" 500 1532 "http://localhost:3000/posts/1" "Mozilla/5.0 (Macintosh; Intel Mac OS X 10_15_7) AppleWebKit/537.36 (KHTML, like Gecko) Chrome/92.0.4515.159 Safari/537.36"
::1 - - [24/Aug/2021:18:46:36 +0000] "GET /posts HTTP/1.1" 200 507 "http://localhost:3000/posts/1" "Mozilla/5.0 (Macintosh; Intel Mac OS X 10_15_7) AppleWebKit/537.36 (KHTML, like Gecko) Chrome/92.0.4515.159 Safari/537.36"
::1 - - [24/Aug/2021:18:48:06 +0000] "GET /posts HTTP/1.1" 200 559 "http://localhost:3000/posts/1" "Mozilla/5.0 (Macintosh; Intel Mac OS X 10_15_7) AppleWebKit/537.36 (KHTML, like Gecko) Chrome/92.0.4515.159 Safari/537.36"
::1 - - [24/Aug/2021:18:48:09 +0000] "GET /posts/1 HTTP/1.1" 304 - "http://localhost:3000/posts" "Mozilla/5.0 (Macintosh; Intel Mac OS X 10_15_7) AppleWebKit/537.36 (KHTML, like Gecko) Chrome/92.0.4515.159 Safari/537.36"
::1 - - [24/Aug/2021:18:48:11 +0000] "GET /posts HTTP/1.1" 304 - "http://localhost:3000/posts/1" "Mozilla/5.0 (Macintosh; Intel Mac OS X 10_15_7) AppleWebKit/537.36 (KHTML, like Gecko) Chrome/92.0.4515.159 Safari/537.36"
::1 - - [24/Aug/2021:18:48:40 +0000] "GET /posts HTTP/1.1" 200 617 "http://localhost:3000/posts/1" "Mozilla/5.0 (Macintosh; Intel Mac OS X 10_15_7) AppleWebKit/537.36 (KHTML, like Gecko) Chrome/92.0.4515.159 Safari/537.36"
::1 - - [24/Aug/2021:18:48:42 +0000] "GET /posts/2 HTTP/1.1" 200 509 "http://localhost:3000/posts" "Mozilla/5.0 (Macintosh; Intel Mac OS X 10_15_7) AppleWebKit/537.36 (KHTML, like Gecko) Chrome/92.0.4515.159 Safari/537.36"
::1 - - [24/Aug/2021:18:48:57 +0000] "GET /posts/1 HTTP/1.1" 304 - "http://localhost:3000/posts" "Mozilla/5.0 (Macintosh; Intel Mac OS X 10_15_7) AppleWebKit/537.36 (KHTML, like Gecko) Chrome/92.0.4515.159 Safari/537.36"
::1 - - [24/Aug/2021:18:49:00 +0000] "GET /posts/2 HTTP/1.1" 304 - "http://localhost:3000/posts" "Mozilla/5.0 (Macintosh; Intel Mac OS X 10_15_7) AppleWebKit/537.36 (KHTML, like Gecko) Chrome/92.0.4515.159 Safari/537.36"
::1 - - [24/Aug/2021:18:51:17 +0000] "GET /add-post HTTP/1.1" 200 634 "http://localhost:3000/posts" "Mozilla/5.0 (Macintosh; Intel Mac OS X 10_15_7) AppleWebKit/537.36 (KHTML, like Gecko) Chrome/92.0.4515.159 Safari/537.36"
::1 - - [24/Aug/2021:18:54:05 +0000] "GET /add-post HTTP/1.1" 200 642 "http://localhost:3000/posts" "Mozilla/5.0 (Macintosh; Intel Mac OS X 10_15_7) AppleWebKit/537.36 (KHTML, like Gecko) Chrome/92.0.4515.159 Safari/537.36"
::1 - - [24/Aug/2021:18:54:10 +0000] "POST /add-post HTTP/1.1" 200 - "http://localhost:3000/add-post" "Mozilla/5.0 (Macintosh; Intel Mac OS X 10_15_7) AppleWebKit/537.36 (KHTML, like Gecko) Chrome/92.0.4515.159 Safari/537.36"
::1 - - [24/Aug/2021:18:55:00 +0000] "GET /add-post HTTP/1.1" 200 643 "http://localhost:3000/posts" "Mozilla/5.0 (Macintosh; Intel Mac OS X 10_15_7) AppleWebKit/537.36 (KHTML, like Gecko) Chrome/92.0.4515.159 Safari/537.36"
::1 - - [24/Aug/2021:18:55:02 +0000] "POST /add-post HTTP/1.1" 200 31 "http://localhost:3000/add-post" "Mozilla/5.0 (Macintosh; Intel Mac OS X 10_15_7) AppleWebKit/537.36 (KHTML, like Gecko) Chrome/92.0.4515.159 Safari/537.36"
::1 - - [24/Aug/2021:18:55:47 +0000] "GET /add-post HTTP/1.1" 200 643 "http://localhost:3000/posts" "Mozilla/5.0 (Macintosh; Intel Mac OS X 10_15_7) AppleWebKit/537.36 (KHTML, like Gecko) Chrome/92.0.4515.159 Safari/537.36"
::1 - - [24/Aug/2021:18:55:50 +0000] "POST /add-post HTTP/1.1" 200 506 "http://localhost:3000/add-post" "Mozilla/5.0 (Macintosh; Intel Mac OS X 10_15_7) AppleWebKit/537.36 (KHTML, like Gecko) Chrome/92.0.4515.159 Safari/537.36"
::1 - - [24/Aug/2021:18:55:52 +0000] "GET /add-post HTTP/1.1" 200 643 "http://localhost:3000/posts" "Mozilla/5.0 (Macintosh; Intel Mac OS X 10_15_7) AppleWebKit/537.36 (KHTML, like Gecko) Chrome/92.0.4515.159 Safari/537.36"
::1 - - [03/Sep/2021:10:46:23 +0000] "GET / HTTP/1.1" 304 - "-" "Mozilla/5.0 (Macintosh; Intel Mac OS X 10_15_7) AppleWebKit/537.36 (KHTML, like Gecko) Chrome/92.0.4515.159 Safari/537.36"
::1 - - [03/Sep/2021:10:46:25 +0000] "GET /posts HTTP/1.1" 304 - "http://localhost:3000/" "Mozilla/5.0 (Macintosh; Intel Mac OS X 10_15_7) AppleWebKit/537.36 (KHTML, like Gecko) Chrome/92.0.4515.159 Safari/537.36"
::1 - - [03/Sep/2021:10:46:27 +0000] "GET /add-post HTTP/1.1" 304 - "http://localhost:3000/posts" "Mozilla/5.0 (Macintosh; Intel Mac OS X 10_15_7) AppleWebKit/537.36 (KHTML, like Gecko) Chrome/92.0.4515.159 Safari/537.36"
::1 - - [03/Sep/2021:10:46:39 +0000] "POST /add-post HTTP/1.1" 200 147 "http://localhost:3000/add-post" "Mozilla/5.0 (Macintosh; Intel Mac OS X 10_15_7) AppleWebKit/537.36 (KHTML, like Gecko) Chrome/92.0.4515.159 Safari/537.36"
::1 - - [03/Sep/2021:10:52:57 +0000] "GET /add-post HTTP/1.1" 200 643 "http://localhost:3000/posts" "Mozilla/5.0 (Macintosh; Intel Mac OS X 10_15_7) AppleWebKit/537.36 (KHTML, like Gecko) Chrome/92.0.4515.159 Safari/537.36"
::1 - - [03/Sep/2021:10:52:59 +0000] "GET /posts HTTP/1.1" 200 659 "http://localhost:3000/add-post" "Mozilla/5.0 (Macintosh; Intel Mac OS X 10_15_7) AppleWebKit/537.36 (KHTML, like Gecko) Chrome/92.0.4515.159 Safari/537.36"
::1 - - [03/Sep/2021:10:54:41 +0000] "GET /posts/6131fdcab833f1666f38e1a9 HTTP/1.1" 200 512 "http://localhost:3000/posts" "Mozilla/5.0 (Macintosh; Intel Mac OS X 10_15_7) AppleWebKit/537.36 (KHTML, like Gecko) Chrome/92.0.4515.159 Safari/537.36"
::1 - - [03/Sep/2021:10:54:43 +0000] "GET /posts HTTP/1.1" 304 - "http://localhost:3000/posts/6131fdcab833f1666f38e1a9" "Mozilla/5.0 (Macintosh; Intel Mac OS X 10_15_7) AppleWebKit/537.36 (KHTML, like Gecko) Chrome/92.0.4515.159 Safari/537.36"
::1 - - [03/Sep/2021:10:54:44 +0000] "GET /posts/6131fd0f18eebdc600d75b15 HTTP/1.1" 200 503 "http://localhost:3000/posts" "Mozilla/5.0 (Macintosh; Intel Mac OS X 10_15_7) AppleWebKit/537.36 (KHTML, like Gecko) Chrome/92.0.4515.159 Safari/537.36"
::1 - - [03/Sep/2021:10:54:47 +0000] "GET /posts HTTP/1.1" 304 - "http://localhost:3000/posts/6131fd0f18eebdc600d75b15" "Mozilla/5.0 (Macintosh; Intel Mac OS X 10_15_7) AppleWebKit/537.36 (KHTML, like Gecko) Chrome/92.0.4515.159 Safari/537.36"
::1 - - [03/Sep/2021:10:56:26 +0000] "GET /posts/6131fd0f18eebdc600d75b15 HTTP/1.1" 200 527 "http://localhost:3000/posts" "Mozilla/5.0 (Macintosh; Intel Mac OS X 10_15_7) AppleWebKit/537.36 (KHTML, like Gecko) Chrome/92.0.4515.159 Safari/537.36"
::1 - - [03/Sep/2021:10:56:29 +0000] "GET /posts HTTP/1.1" 304 - "http://localhost:3000/posts/6131fd0f18eebdc600d75b15" "Mozilla/5.0 (Macintosh; Intel Mac OS X 10_15_7) AppleWebKit/537.36 (KHTML, like Gecko) Chrome/92.0.4515.159 Safari/537.36"
::1 - - [03/Sep/2021:10:56:31 +0000] "GET /posts/6131fdcab833f1666f38e1a9 HTTP/1.1" 500 1768 "http://localhost:3000/posts" "Mozilla/5.0 (Macintosh; Intel Mac OS X 10_15_7) AppleWebKit/537.36 (KHTML, like Gecko) Chrome/92.0.4515.159 Safari/537.36"
::1 - - [03/Sep/2021:10:57:57 +0000] "GET /add-post HTTP/1.1" 304 - "http://localhost:3000/posts" "Mozilla/5.0 (Macintosh; Intel Mac OS X 10_15_7) AppleWebKit/537.36 (KHTML, like Gecko) Chrome/92.0.4515.159 Safari/537.36"
::1 - - [03/Sep/2021:10:58:01 +0000] "POST /add-post HTTP/1.1" 302 56 "http://localhost:3000/add-post" "Mozilla/5.0 (Macintosh; Intel Mac OS X 10_15_7) AppleWebKit/537.36 (KHTML, like Gecko) Chrome/92.0.4515.159 Safari/537.36"
::1 - - [03/Sep/2021:10:58:01 +0000] "GET /posts HTTP/1.1" 200 733 "http://localhost:3000/add-post" "Mozilla/5.0 (Macintosh; Intel Mac OS X 10_15_7) AppleWebKit/537.36 (KHTML, like Gecko) Chrome/92.0.4515.159 Safari/537.36"
::1 - - [03/Sep/2021:10:58:03 +0000] "GET /posts/6131ffb9d49f0253f7d4f0ac HTTP/1.1" 200 523 "http://localhost:3000/posts" "Mozilla/5.0 (Macintosh; Intel Mac OS X 10_15_7) AppleWebKit/537.36 (KHTML, like Gecko) Chrome/92.0.4515.159 Safari/537.36"
::1 - - [03/Sep/2021:10:59:00 +0000] "GET /posts HTTP/1.1" 304 - "http://localhost:3000/posts/6131ffb9d49f0253f7d4f0ac" "Mozilla/5.0 (Macintosh; Intel Mac OS X 10_15_7) AppleWebKit/537.36 (KHTML, like Gecko) Chrome/92.0.4515.159 Safari/537.36"
::1 - - [03/Sep/2021:10:59:11 +0000] "GET /posts HTTP/1.1" 304 - "http://localhost:3000/posts/6131ffb9d49f0253f7d4f0ac" "Mozilla/5.0 (Macintosh; Intel Mac OS X 10_15_7) AppleWebKit/537.36 (KHTML, like Gecko) Chrome/92.0.4515.159 Safari/537.36"
::1 - - [03/Sep/2021:10:59:35 +0000] "GET /posts HTTP/1.1" 200 733 "http://localhost:3000/posts/6131ffb9d49f0253f7d4f0ac" "Mozilla/5.0 (Macintosh; Intel Mac OS X 10_15_7) AppleWebKit/537.36 (KHTML, like Gecko) Chrome/92.0.4515.159 Safari/537.36"
::1 - - [03/Sep/2021:10:59:37 +0000] "GET /posts HTTP/1.1" 304 - "http://localhost:3000/posts" "Mozilla/5.0 (Macintosh; Intel Mac OS X 10_15_7) AppleWebKit/537.36 (KHTML, like Gecko) Chrome/92.0.4515.159 Safari/537.36"
::1 - - [03/Sep/2021:11:01:33 +0000] "GET /posts/6131fd0f18eebdc600d75b15 HTTP/1.1" 200 565 "http://localhost:3000/posts" "Mozilla/5.0 (Macintosh; Intel Mac OS X 10_15_7) AppleWebKit/537.36 (KHTML, like Gecko) Chrome/92.0.4515.159 Safari/537.36"
::1 - - [03/Sep/2021:11:02:12 +0000] "GET /posts/6131fd0f18eebdc600d75b15 HTTP/1.1" 200 585 "http://localhost:3000/posts" "Mozilla/5.0 (Macintosh; Intel Mac OS X 10_15_7) AppleWebKit/537.36 (KHTML, like Gecko) Chrome/92.0.4515.159 Safari/537.36"
::1 - - [03/Sep/2021:11:10:20 +0000] "GET /posts/6131fd0f18eebdc600d75b15 HTTP/1.1" 200 985 "http://localhost:3000/posts" "Mozilla/5.0 (Macintosh; Intel Mac OS X 10_15_7) AppleWebKit/537.36 (KHTML, like Gecko) Chrome/92.0.4515.159 Safari/537.36"
::1 - - [03/Sep/2021:11:10:24 +0000] "GET /posts HTTP/1.1" 304 - "http://localhost:3000/posts/6131fd0f18eebdc600d75b15" "Mozilla/5.0 (Macintosh; Intel Mac OS X 10_15_7) AppleWebKit/537.36 (KHTML, like Gecko) Chrome/92.0.4515.159 Safari/537.36"
::1 - - [03/Sep/2021:11:10:26 +0000] "GET /posts/6131ffb9d49f0253f7d4f0ac HTTP/1.1" 200 981 "http://localhost:3000/posts" "Mozilla/5.0 (Macintosh; Intel Mac OS X 10_15_7) AppleWebKit/537.36 (KHTML, like Gecko) Chrome/92.0.4515.159 Safari/537.36"
::1 - - [03/Sep/2021:11:10:28 +0000] "GET /posts/6131ffb9d49f0253f7d4f0ac HTTP/1.1" 304 - "http://localhost:3000/posts/6131ffb9d49f0253f7d4f0ac" "Mozilla/5.0 (Macintosh; Intel Mac OS X 10_15_7) AppleWebKit/537.36 (KHTML, like Gecko) Chrome/92.0.4515.159 Safari/537.36"
::1 - - [03/Sep/2021:11:10:28 +0000] "GET /posts HTTP/1.1" 304 - "http://localhost:3000/posts/6131ffb9d49f0253f7d4f0ac" "Mozilla/5.0 (Macintosh; Intel Mac OS X 10_15_7) AppleWebKit/537.36 (KHTML, like Gecko) Chrome/92.0.4515.159 Safari/537.36"
::1 - - [03/Sep/2021:11:10:33 +0000] "GET /posts HTTP/1.1" 304 - "http://localhost:3000/posts/6131ffb9d49f0253f7d4f0ac" "Mozilla/5.0 (Macintosh; Intel Mac OS X 10_15_7) AppleWebKit/537.36 (KHTML, like Gecko) Chrome/92.0.4515.159 Safari/537.36"
::1 - - [03/Sep/2021:11:11:07 +0000] "GET /posts HTTP/1.1" 304 - "http://localhost:3000/posts/6131ffb9d49f0253f7d4f0ac" "Mozilla/5.0 (Macintosh; Intel Mac OS X 10_15_7) AppleWebKit/537.36 (KHTML, like Gecko) Chrome/92.0.4515.159 Safari/537.36"
::1 - - [03/Sep/2021:11:11:08 +0000] "GET /posts/6131ffb9d49f0253f7d4f0ac HTTP/1.1" 304 - "http://localhost:3000/posts" "Mozilla/5.0 (Macintosh; Intel Mac OS X 10_15_7) AppleWebKit/537.36 (KHTML, like Gecko) Chrome/92.0.4515.159 Safari/537.36"
::1 - - [03/Sep/2021:11:11:11 +0000] "GET /posts/6131ffb9d49f0253f7d4f0ac HTTP/1.1" 304 - "http://localhost:3000/posts/6131ffb9d49f0253f7d4f0ac" "Mozilla/5.0 (Macintosh; Intel Mac OS X 10_15_7) AppleWebKit/537.36 (KHTML, like Gecko) Chrome/92.0.4515.159 Safari/537.36"
::1 - - [03/Sep/2021:11:11:11 +0000] "GET /posts HTTP/1.1" 304 - "http://localhost:3000/posts/6131ffb9d49f0253f7d4f0ac" "Mozilla/5.0 (Macintosh; Intel Mac OS X 10_15_7) AppleWebKit/537.36 (KHTML, like Gecko) Chrome/92.0.4515.159 Safari/537.36"
::1 - - [03/Sep/2021:11:11:59 +0000] "GET /posts HTTP/1.1" 304 - "http://localhost:3000/posts/6131ffb9d49f0253f7d4f0ac" "Mozilla/5.0 (Macintosh; Intel Mac OS X 10_15_7) AppleWebKit/537.36 (KHTML, like Gecko) Chrome/92.0.4515.159 Safari/537.36"
::1 - - [03/Sep/2021:11:12:00 +0000] "GET /posts/6131ffb9d49f0253f7d4f0ac HTTP/1.1" 200 1003 "http://localhost:3000/posts" "Mozilla/5.0 (Macintosh; Intel Mac OS X 10_15_7) AppleWebKit/537.36 (KHTML, like Gecko) Chrome/92.0.4515.159 Safari/537.36"
::1 - - [03/Sep/2021:11:12:01 +0000] "DELETE /posts/6131ffb9d49f0253f7d4f0ac HTTP/1.1" 200 2 "http://localhost:3000/posts/6131ffb9d49f0253f7d4f0ac" "Mozilla/5.0 (Macintosh; Intel Mac OS X 10_15_7) AppleWebKit/537.36 (KHTML, like Gecko) Chrome/92.0.4515.159 Safari/537.36"
::1 - - [03/Sep/2021:11:12:02 +0000] "GET /posts HTTP/1.1" 200 659 "http://localhost:3000/posts/6131ffb9d49f0253f7d4f0ac" "Mozilla/5.0 (Macintosh; Intel Mac OS X 10_15_7) AppleWebKit/537.36 (KHTML, like Gecko) Chrome/92.0.4515.159 Safari/537.36"
::1 - - [03/Sep/2021:11:12:04 +0000] "GET /posts HTTP/1.1" 304 - "http://localhost:3000/posts/6131ffb9d49f0253f7d4f0ac" "Mozilla/5.0 (Macintosh; Intel Mac OS X 10_15_7) AppleWebKit/537.36 (KHTML, like Gecko) Chrome/92.0.4515.159 Safari/537.36"
::1 - - [03/Sep/2021:11:19:17 +0000] "GET /posts HTTP/1.1" 304 - "http://localhost:3000/posts/6131ffb9d49f0253f7d4f0ac" "Mozilla/5.0 (Macintosh; Intel Mac OS X 10_15_7) AppleWebKit/537.36 (KHTML, like Gecko) Chrome/92.0.4515.159 Safari/537.36"
::1 - - [03/Sep/2021:11:19:19 +0000] "GET /posts/6131fd0f18eebdc600d75b15 HTTP/1.1" 200 996 "http://localhost:3000/posts" "Mozilla/5.0 (Macintosh; Intel Mac OS X 10_15_7) AppleWebKit/537.36 (KHTML, like Gecko) Chrome/92.0.4515.159 Safari/537.36"
::1 - - [03/Sep/2021:11:19:21 +0000] "GET /edit-post/6131fd0f18eebdc600d75b15 HTTP/1.1" 404 474 "http://localhost:3000/posts/6131fd0f18eebdc600d75b15" "Mozilla/5.0 (Macintosh; Intel Mac OS X 10_15_7) AppleWebKit/537.36 (KHTML, like Gecko) Chrome/92.0.4515.159 Safari/537.36"
::1 - - [03/Sep/2021:11:19:55 +0000] "GET /edit-post/6131fd0f18eebdc600d75b15 HTTP/1.1" 404 474 "http://localhost:3000/posts/6131fd0f18eebdc600d75b15" "Mozilla/5.0 (Macintosh; Intel Mac OS X 10_15_7) AppleWebKit/537.36 (KHTML, like Gecko) Chrome/92.0.4515.159 Safari/537.36"
::1 - - [03/Sep/2021:11:19:59 +0000] "GET /posts/6131fd0f18eebdc600d75b15 HTTP/1.1" 200 991 "http://localhost:3000/posts" "Mozilla/5.0 (Macintosh; Intel Mac OS X 10_15_7) AppleWebKit/537.36 (KHTML, like Gecko) Chrome/92.0.4515.159 Safari/537.36"
::1 - - [03/Sep/2021:11:20:02 +0000] "GET /edit/6131fd0f18eebdc600d75b15 HTTP/1.1" 200 699 "http://localhost:3000/posts/6131fd0f18eebdc600d75b15" "Mozilla/5.0 (Macintosh; Intel Mac OS X 10_15_7) AppleWebKit/537.36 (KHTML, like Gecko) Chrome/92.0.4515.159 Safari/537.36"
::1 - - [03/Sep/2021:11:25:37 +0000] "GET /edit/6131fd0f18eebdc600d75b15 HTTP/1.1" 304 - "http://localhost:3000/posts/6131fd0f18eebdc600d75b15" "Mozilla/5.0 (Macintosh; Intel Mac OS X 10_15_7) AppleWebKit/537.36 (KHTML, like Gecko) Chrome/92.0.4515.159 Safari/537.36"
::1 - - [03/Sep/2021:11:25:40 +0000] "POST /edit/6131fd0f18eebdc600d75b15?method=PUT HTTP/1.1" 404 474 "http://localhost:3000/edit/6131fd0f18eebdc600d75b15" "Mozilla/5.0 (Macintosh; Intel Mac OS X 10_15_7) AppleWebKit/537.36 (KHTML, like Gecko) Chrome/92.0.4515.159 Safari/537.36"
::1 - - [03/Sep/2021:11:27:24 +0000] "GET /posts HTTP/1.1" 304 - "http://localhost:3000/edit/6131fd0f18eebdc600d75b15?method=PUT" "Mozilla/5.0 (Macintosh; Intel Mac OS X 10_15_7) AppleWebKit/537.36 (KHTML, like Gecko) Chrome/92.0.4515.159 Safari/537.36"
::1 - - [03/Sep/2021:11:27:26 +0000] "GET /posts/6131fd0f18eebdc600d75b15 HTTP/1.1" 304 - "http://localhost:3000/posts" "Mozilla/5.0 (Macintosh; Intel Mac OS X 10_15_7) AppleWebKit/537.36 (KHTML, like Gecko) Chrome/92.0.4515.159 Safari/537.36"
::1 - - [03/Sep/2021:11:27:29 +0000] "GET /edit/6131fd0f18eebdc600d75b15 HTTP/1.1" 304 - "http://localhost:3000/posts/6131fd0f18eebdc600d75b15" "Mozilla/5.0 (Macintosh; Intel Mac OS X 10_15_7) AppleWebKit/537.36 (KHTML, like Gecko) Chrome/92.0.4515.159 Safari/537.36"
::1 - - [03/Sep/2021:11:27:32 +0000] "POST /edit/6131fd0f18eebdc600d75b15?method=PUT HTTP/1.1" 404 474 "http://localhost:3000/edit/6131fd0f18eebdc600d75b15" "Mozilla/5.0 (Macintosh; Intel Mac OS X 10_15_7) AppleWebKit/537.36 (KHTML, like Gecko) Chrome/92.0.4515.159 Safari/537.36"
::1 - - [03/Sep/2021:11:28:21 +0000] "GET /posts HTTP/1.1" 304 - "http://localhost:3000/edit/6131fd0f18eebdc600d75b15?method=PUT" "Mozilla/5.0 (Macintosh; Intel Mac OS X 10_15_7) AppleWebKit/537.36 (KHTML, like Gecko) Chrome/92.0.4515.159 Safari/537.36"
::1 - - [03/Sep/2021:11:28:22 +0000] "GET /posts/6131fd0f18eebdc600d75b15 HTTP/1.1" 304 - "http://localhost:3000/posts" "Mozilla/5.0 (Macintosh; Intel Mac OS X 10_15_7) AppleWebKit/537.36 (KHTML, like Gecko) Chrome/92.0.4515.159 Safari/537.36"
::1 - - [03/Sep/2021:11:28:24 +0000] "GET /edit/6131fd0f18eebdc600d75b15 HTTP/1.1" 304 - "http://localhost:3000/posts/6131fd0f18eebdc600d75b15" "Mozilla/5.0 (Macintosh; Intel Mac OS X 10_15_7) AppleWebKit/537.36 (KHTML, like Gecko) Chrome/92.0.4515.159 Safari/537.36"
::1 - - [03/Sep/2021:11:28:25 +0000] "POST /edit/6131fd0f18eebdc600d75b15?method=PUT HTTP/1.1" 404 474 "http://localhost:3000/edit/6131fd0f18eebdc600d75b15" "Mozilla/5.0 (Macintosh; Intel Mac OS X 10_15_7) AppleWebKit/537.36 (KHTML, like Gecko) Chrome/92.0.4515.159 Safari/537.36"
::1 - - [03/Sep/2021:11:32:15 +0000] "POST /edit/6131fd0f18eebdc600d75b15?method=PUT HTTP/1.1" 404 474 "http://localhost:3000/edit/6131fd0f18eebdc600d75b15" "Mozilla/5.0 (Macintosh; Intel Mac OS X 10_15_7) AppleWebKit/537.36 (KHTML, like Gecko) Chrome/92.0.4515.159 Safari/537.36"
::1 - - [03/Sep/2021:11:32:17 +0000] "GET /posts HTTP/1.1" 304 - "http://localhost:3000/edit/6131fd0f18eebdc600d75b15?method=PUT" "Mozilla/5.0 (Macintosh; Intel Mac OS X 10_15_7) AppleWebKit/537.36 (KHTML, like Gecko) Chrome/92.0.4515.159 Safari/537.36"
::1 - - [03/Sep/2021:11:32:19 +0000] "GET /posts/6131fd0f18eebdc600d75b15 HTTP/1.1" 304 - "http://localhost:3000/posts" "Mozilla/5.0 (Macintosh; Intel Mac OS X 10_15_7) AppleWebKit/537.36 (KHTML, like Gecko) Chrome/92.0.4515.159 Safari/537.36"
::1 - - [03/Sep/2021:11:32:20 +0000] "GET /edit/6131fd0f18eebdc600d75b15 HTTP/1.1" 200 700 "http://localhost:3000/posts/6131fd0f18eebdc600d75b15" "Mozilla/5.0 (Macintosh; Intel Mac OS X 10_15_7) AppleWebKit/537.36 (KHTML, like Gecko) Chrome/92.0.4515.159 Safari/537.36"
::1 - - [03/Sep/2021:11:32:23 +0000] "PUT /edit/6131fd0f18eebdc600d75b15?_method=PUT HTTP/1.1" 500 1314 "http://localhost:3000/edit/6131fd0f18eebdc600d75b15" "Mozilla/5.0 (Macintosh; Intel Mac OS X 10_15_7) AppleWebKit/537.36 (KHTML, like Gecko) Chrome/92.0.4515.159 Safari/537.36"
::1 - - [03/Sep/2021:11:33:30 +0000] "PUT /edit/6131fd0f18eebdc600d75b15?_method=PUT HTTP/1.1" 302 106 "http://localhost:3000/edit/6131fd0f18eebdc600d75b15" "Mozilla/5.0 (Macintosh; Intel Mac OS X 10_15_7) AppleWebKit/537.36 (KHTML, like Gecko) Chrome/92.0.4515.159 Safari/537.36"
::1 - - [03/Sep/2021:11:33:31 +0000] "GET /posts/6131fd0f18eebdc600d75b15 HTTP/1.1" 200 993 "http://localhost:3000/edit/6131fd0f18eebdc600d75b15" "Mozilla/5.0 (Macintosh; Intel Mac OS X 10_15_7) AppleWebKit/537.36 (KHTML, like Gecko) Chrome/92.0.4515.159 Safari/537.36"
::1 - - [03/Sep/2021:11:33:36 +0000] "GET /edit/6131fd0f18eebdc600d75b15 HTTP/1.1" 200 702 "http://localhost:3000/posts/6131fd0f18eebdc600d75b15" "Mozilla/5.0 (Macintosh; Intel Mac OS X 10_15_7) AppleWebKit/537.36 (KHTML, like Gecko) Chrome/92.0.4515.159 Safari/537.36"
::1 - - [03/Sep/2021:11:33:41 +0000] "PUT /edit/6131fd0f18eebdc600d75b15?_method=PUT HTTP/1.1" 302 106 "http://localhost:3000/edit/6131fd0f18eebdc600d75b15" "Mozilla/5.0 (Macintosh; Intel Mac OS X 10_15_7) AppleWebKit/537.36 (KHTML, like Gecko) Chrome/92.0.4515.159 Safari/537.36"
::1 - - [03/Sep/2021:11:33:42 +0000] "GET /posts/6131fd0f18eebdc600d75b15 HTTP/1.1" 200 1002 "http://localhost:3000/edit/6131fd0f18eebdc600d75b15" "Mozilla/5.0 (Macintosh; Intel Mac OS X 10_15_7) AppleWebKit/537.36 (KHTML, like Gecko) Chrome/92.0.4515.159 Safari/537.36"
::1 - - [03/Sep/2021:11:33:43 +0000] "GET /posts HTTP/1.1" 200 668 "http://localhost:3000/posts/6131fd0f18eebdc600d75b15" "Mozilla/5.0 (Macintosh; Intel Mac OS X 10_15_7) AppleWebKit/537.36 (KHTML, like Gecko) Chrome/92.0.4515.159 Safari/537.36"
::1 - - [08/Sep/2021:18:28:14 +0000] "GET / HTTP/1.1" 200 467 "-" "Mozilla/5.0 (Macintosh; Intel Mac OS X 10_15_7) AppleWebKit/537.36 (KHTML, like Gecko) Chrome/93.0.4577.63 Safari/537.36"
::1 - - [08/Sep/2021:18:37:22 +0000] "GET / HTTP/1.1" 304 - "-" "Mozilla/5.0 (Macintosh; Intel Mac OS X 10_15_7) AppleWebKit/537.36 (KHTML, like Gecko) Chrome/93.0.4577.63 Safari/537.36"
::1 - - [08/Sep/2021:18:37:22 +0000] "GET /favicon.ico HTTP/1.1" 404 474 "http://localhost:3000/" "Mozilla/5.0 (Macintosh; Intel Mac OS X 10_15_7) AppleWebKit/537.36 (KHTML, like Gecko) Chrome/93.0.4577.63 Safari/537.36"
::1 - - [08/Sep/2021:18:37:24 +0000] "GET /add-post HTTP/1.1" 200 643 "http://localhost:3000/" "Mozilla/5.0 (Macintosh; Intel Mac OS X 10_15_7) AppleWebKit/537.36 (KHTML, like Gecko) Chrome/93.0.4577.63 Safari/537.36"
::1 - - [08/Sep/2021:18:37:25 +0000] "GET /posts HTTP/1.1" 200 668 "http://localhost:3000/add-post" "Mozilla/5.0 (Macintosh; Intel Mac OS X 10_15_7) AppleWebKit/537.36 (KHTML, like Gecko) Chrome/93.0.4577.63 Safari/537.36"
::1 - - [08/Sep/2021:18:37:32 +0000] "GET /posts HTTP/1.1" 304 - "http://localhost:3000/add-post" "Mozilla/5.0 (Macintosh; Intel Mac OS X 10_15_7) AppleWebKit/537.36 (KHTML, like Gecko) Chrome/93.0.4577.63 Safari/537.36"
::1 - - [08/Sep/2021:18:37:33 +0000] "GET /posts/6131fd0f18eebdc600d75b15 HTTP/1.1" 200 1002 "http://localhost:3000/posts" "Mozilla/5.0 (Macintosh; Intel Mac OS X 10_15_7) AppleWebKit/537.36 (KHTML, like Gecko) Chrome/93.0.4577.63 Safari/537.36"
::1 - - [08/Sep/2021:18:37:35 +0000] "GET /add-post HTTP/1.1" 304 - "http://localhost:3000/posts/6131fd0f18eebdc600d75b15" "Mozilla/5.0 (Macintosh; Intel Mac OS X 10_15_7) AppleWebKit/537.36 (KHTML, like Gecko) Chrome/93.0.4577.63 Safari/537.36"
::1 - - [08/Sep/2021:18:37:36 +0000] "GET /posts HTTP/1.1" 304 - "http://localhost:3000/add-post" "Mozilla/5.0 (Macintosh; Intel Mac OS X 10_15_7) AppleWebKit/537.36 (KHTML, like Gecko) Chrome/93.0.4577.63 Safari/537.36"
::1 - - [08/Sep/2021:18:37:36 +0000] "GET / HTTP/1.1" 304 - "http://localhost:3000/posts" "Mozilla/5.0 (Macintosh; Intel Mac OS X 10_15_7) AppleWebKit/537.36 (KHTML, like Gecko) Chrome/93.0.4577.63 Safari/537.36"
::1 - - [08/Sep/2021:18:51:57 +0000] "GET /posts HTTP/1.1" 304 - "http://localhost:3000/" "Mozilla/5.0 (Macintosh; Intel Mac OS X 10_15_7) AppleWebKit/537.36 (KHTML, like Gecko) Chrome/93.0.4577.63 Safari/537.36"
::1 - - [08/Sep/2021:18:51:58 +0000] "GET /add-post HTTP/1.1" 304 - "http://localhost:3000/posts" "Mozilla/5.0 (Macintosh; Intel Mac OS X 10_15_7) AppleWebKit/537.36 (KHTML, like Gecko) Chrome/93.0.4577.63 Safari/537.36"
::1 - - [08/Sep/2021:18:51:58 +0000] "GET / HTTP/1.1" 304 - "http://localhost:3000/add-post" "Mozilla/5.0 (Macintosh; Intel Mac OS X 10_15_7) AppleWebKit/537.36 (KHTML, like Gecko) Chrome/93.0.4577.63 Safari/537.36"
::1 - - [09/Sep/2021:17:24:41 +0000] "GET / HTTP/1.1" 200 467 "-" "Mozilla/5.0 (Macintosh; Intel Mac OS X 10_15_7) AppleWebKit/537.36 (KHTML, like Gecko) Chrome/93.0.4577.63 Safari/537.36"
::ffff:127.0.0.1 - - [09/Sep/2021:17:39:50 +0000] "GET /api/posts HTTP/1.1" 200 231 "-" "Thunder Client (https://www.thunderclient.io)"
::ffff:127.0.0.1 - - [09/Sep/2021:17:40:08 +0000] "GET /api/posts/6131fd0f18eebdc600d75b15 HTTP/1.1" 200 158 "-" "Thunder Client (https://www.thunderclient.io)"
::ffff:127.0.0.1 - - [09/Sep/2021:17:40:55 +0000] "PUT /api/posts/6131fd0f18eebdc600d75b15 HTTP/1.1" 200 158 "-" "Thunder Client (https://www.thunderclient.io)"
::ffff:127.0.0.1 - - [09/Sep/2021:17:41:55 +0000] "PUT /api/posts/6131fd0f18eebdc600d75b15 HTTP/1.1" 200 158 "-" "Thunder Client (https://www.thunderclient.io)"
::ffff:127.0.0.1 - - [09/Sep/2021:17:42:43 +0000] "PUT /api/posts/6131fd0f18eebdc600d75b15 HTTP/1.1" 200 158 "-" "Thunder Client (https://www.thunderclient.io)"
::ffff:127.0.0.1 - - [09/Sep/2021:17:43:15 +0000] "POST /api/posts HTTP/1.1" 404 474 "-" "Thunder Client (https://www.thunderclient.io)"
::ffff:127.0.0.1 - - [09/Sep/2021:17:44:11 +0000] "POST /api/posts HTTP/1.1" 200 120 "-" "Thunder Client (https://www.thunderclient.io)"
::ffff:127.0.0.1 - - [09/Sep/2021:17:44:24 +0000] "GET /api/posts/613a47eba3e94483af9601f3 HTTP/1.1" 200 120 "-" "Thunder Client (https://www.thunderclient.io)"
::ffff:127.0.0.1 - - [09/Sep/2021:17:44:28 +0000] "GET /api/posts/613a47eba3e94483af9601f3 HTTP/1.1" 200 120 "-" "Thunder Client (https://www.thunderclient.io)"
::ffff:127.0.0.1 - - [09/Sep/2021:17:47:21 +0000] "GET /api/posts/613a47eba3e94483af9601f3 HTTP/1.1" 200 120 "-" "Thunder Client (https://www.thunderclient.io)"
::ffff:127.0.0.1 - - [09/Sep/2021:17:47:56 +0000] "GET /api/posts/posts HTTP/1.1" - - "-" "Thunder Client (https://www.thunderclient.io)"
::ffff:127.0.0.1 - - [09/Sep/2021:17:47:58 +0000] "GET /api/posts HTTP/1.1" 200 352 "-" "Thunder Client (https://www.thunderclient.io)"
::ffff:127.0.0.1 - - [09/Sep/2021:17:48:07 +0000] "GET /api/posts/6131fd0f18eebdc600d75b15 HTTP/1.1" 200 158 "-" "Thunder Client (https://www.thunderclient.io)"
::ffff:127.0.0.1 - - [09/Sep/2021:17:48:40 +0000] "POST /api/posts HTTP/1.1" 200 120 "-" "Thunder Client (https://www.thunderclient.io)"
::ffff:127.0.0.1 - - [09/Sep/2021:17:49:08 +0000] "POST /api/posts HTTP/1.1" 200 120 "-" "Thunder Client (https://www.thunderclient.io)"
::ffff:127.0.0.1 - - [09/Sep/2021:17:49:22 +0000] "POST /api/posts HTTP/1.1" 200 120 "-" "Thunder Client (https://www.thunderclient.io)"
::ffff:127.0.0.1 - - [09/Sep/2021:17:49:52 +0000] "POST /api/posts HTTP/1.1" 200 120 "-" "Thunder Client (https://www.thunderclient.io)"
::1 - - [09/Sep/2021:17:50:34 +0000] "GET /api/posts HTTP/1.1" 200 836 "-" "PostmanRuntime/7.26.8"
::1 - - [09/Sep/2021:17:50:56 +0000] "POST /api/posts HTTP/1.1" 200 120 "-" "PostmanRuntime/7.26.8"
::ffff:127.0.0.1 - - [09/Sep/2021:17:51:48 +0000] "POST /api/posts HTTP/1.1" 200 120 "-" "Thunder Client (https://www.thunderclient.io)"
::ffff:127.0.0.1 - - [09/Sep/2021:17:52:47 +0000] "DELETE /api/posts/613a49b4f940d78fcb7d3dd5 HTTP/1.1" 200 26 "-" "Thunder Client (https://www.thunderclient.io)"
::ffff:127.0.0.1 - - [09/Sep/2021:17:53:02 +0000] "DELETE /api/posts HTTP/1.1" 404 474 "-" "Thunder Client (https://www.thunderclient.io)"
::ffff:127.0.0.1 - - [09/Sep/2021:17:53:10 +0000] "GET /api/posts HTTP/1.1" 200 957 "-" "Thunder Client (https://www.thunderclient.io)"
::ffff:127.0.0.1 - - [09/Sep/2021:17:53:27 +0000] "PUT /api/posts/6131fd0f18eebdc600d75b15 HTTP/1.1" 200 158 "-" "Thunder Client (https://www.thunderclient.io)"
::ffff:127.0.0.1 - - [09/Sep/2021:17:53:32 +0000] "PUT /api/posts/6131fd0f18eebdc600d75b15 HTTP/1.1" 200 158 "-" "Thunder Client (https://www.thunderclient.io)"
::ffff:127.0.0.1 - - [09/Sep/2021:17:53:56 +0000] "PUT /api/posts/6131fd0f18eebdc600d75b15 HTTP/1.1" 200 158 "-" "Thunder Client (https://www.thunderclient.io)"
::ffff:127.0.0.1 - - [09/Sep/2021:17:56:54 +0000] "PUT /api/post/6131fd0f18eebdc600d75b15 HTTP/1.1" 200 158 "-" "Thunder Client (https://www.thunderclient.io)"
::ffff:127.0.0.1 - - [09/Sep/2021:17:56:59 +0000] "PUT /api/post/6131fd0f18eebdc600d75b15 HTTP/1.1" 200 158 "-" "Thunder Client (https://www.thunderclient.io)"
::1 - - [09/Sep/2021:17:58:33 +0000] "POST /api/post HTTP/1.1" 200 154 "-" "PostmanRuntime/7.26.8"
::1 - - [09/Sep/2021:17:58:49 +0000] "PUT /api/post/613a4b493b5b37b335a424c6 HTTP/1.1" 200 158 "-" "PostmanRuntime/7.26.8"
::1 - - [09/Sep/2021:17:58:55 +0000] "GET /api/post/613a4b493b5b37b335a424c6 HTTP/1.1" 200 158 "-" "PostmanRuntime/7.26.8"
::1 - - [09/Sep/2021:17:59:02 +0000] "GET /api/posts HTTP/1.1" 200 1116 "-" "PostmanRuntime/7.26.8"
::1 - - [09/Sep/2021:17:59:13 +0000] "DELETE /api/post/613a4b493b5b37b335a424c6 HTTP/1.1" 200 26 "-" "PostmanRuntime/7.26.8"
::1 - - [09/Sep/2021:17:59:18 +0000] "DELETE /api/posts HTTP/1.1" 404 474 "-" "PostmanRuntime/7.26.8"
::1 - - [09/Sep/2021:17:59:23 +0000] "GET /api/posts HTTP/1.1" 200 957 "-" "PostmanRuntime/7.26.8"
::ffff:127.0.0.1 - - [09/Sep/2021:17:59:47 +0000] "POST /api/post HTTP/1.1" 200 135 "-" "Thunder Client (https://www.thunderclient.io)"
::ffff:127.0.0.1 - - [09/Sep/2021:17:59:56 +0000] "POST /api/post HTTP/1.1" 200 120 "-" "Thunder Client (https://www.thunderclient.io)"
::ffff:127.0.0.1 - - [09/Sep/2021:18:00:21 +0000] "POST /api/post HTTP/1.1" 200 146 "-" "Thunder Client (https://www.thunderclient.io)"
